<?xml version="1.0" encoding="UTF-8"?>
<robot generator="Robot 5.0.1 (Python 3.10.11 on win32)" generated="20230428 23:14:57.274" rpa="true" schemaversion="3">
<suite id="s1" name="sendMail" source="C:\Users\HIEU VY\Desktop\KBTGVN\Gmail_AutoSend\testcase\sendMail.robot">
<test id="s1-t1" name="Send test email" line="5">
<kw name="Authorize" library="RPA.Email.ImapSmtp">
<arg>account=${USERNAME}</arg>
<arg>password=${PASSWORD}</arg>
<doc>Authorize user to SMTP and IMAP servers.</doc>
<status status="PASS" starttime="20230428 23:14:57.756" endtime="20230428 23:15:45.163"/>
</kw>
<kw name="Send Message" library="RPA.Email.ImapSmtp">
<arg>sender=${USERNAME}</arg>
<arg>recipients=${RECIPIENT}</arg>
<arg>subject=[KBTG] Message generated by robot</arg>
<arg>body=This is the body of the email.</arg>
<doc>Send SMTP email</doc>
<status status="PASS" starttime="20230428 23:15:45.163" endtime="20230428 23:15:46.609"/>
</kw>
<status status="PASS" starttime="20230428 23:14:57.755" endtime="20230428 23:15:46.610"/>
</test>
<status status="PASS" starttime="20230428 23:14:57.275" endtime="20230428 23:15:46.611"/>
</suite>
<statistics>
<total>
<stat pass="1" fail="0" skip="0">All Tasks</stat>
</total>
<tag>
</tag>
<suite>
<stat pass="1" fail="0" skip="0" id="s1" name="sendMail">sendMail</stat>
</suite>
</statistics>
<errors>
</errors>
</robot>
